<?xml version="1.0" encoding="UTF-8"?>
<!-- Generated by org.testng.reporters.JUnitReportReporter -->
<testsuite hostname="DESKTOP-5GCBCM4" failures="0" tests="1" name="abc.Demo" time="0.009" errors="0" timestamp="2024-08-14T14:31:02 IST" skipped="0">
  <testcase classname="abc.Demo" name="swap" time="0.009"/>
  <system-out/>
</testsuite> <!-- abc.Demo -->
